2026-01-25 01:40:11.224 | INFO     | __main__:main:319 - 使用评估函数 v2 打印结果
Using cache found in /root/.cache/torch/hub/facebookresearch_dino_main
/root/anaconda3/envs/GenSeg/lib/python3.9/site-packages/torchvision/transforms/transforms.py:287: UserWarning: Argument interpolation should be of type InterpolationMode instead of int. Please, use InterpolationMode enum.
  warnings.warn(
2026-01-25 01:40:13.850 | INFO     | __main__:main:406 - ================================================================================
2026-01-25 01:40:13.850 | INFO     | __main__:main:407 - 开始训练offline阶段（只训练类别中心）
2026-01-25 01:40:13.850 | INFO     | __main__:main:408 - ================================================================================
Experiment saved to: dev_outputs/inference_only/log/detect_cluster_(25.01.2026_|_11.214)
['inference_only']
Namespace(batch_size=8, num_workers=4, eval_funcs=['v2'], warmup_model_dir=None, dataset_name='xc', prop_train_labels=0.5, use_ssb_splits=True, grad_from_block=11, lr=0.1, gamma=0.1, momentum=0.9, weight_decay=0.0001, epochs=100, exp_root='dev_outputs', transform='imagenet', sup_weight=0.35, n_views=2, memax_weight=2, warmup_teacher_temp=0.07, teacher_temp=0.04, warmup_teacher_temp_epochs=10, fp16=False, print_freq=10, exp_name='detect_cluster', skip_training=False, threshold=0.6, device=device(type='cuda', index=0), image_size=32, train_classes=range(0, 10), unlabeled_classes=range(11, 11), num_labeled_classes=6, num_unlabeled_classes=0, logger=<loguru.logger handlers=[(id=0, level=10, sink=<stderr>), (id=1, level=10, sink='dev_outputs/inference_only/log/detect_cluster_(25.01.2026_|_11.214)/log.txt')]>, log_dir='dev_outputs/inference_only/log/detect_cluster_(25.01.2026_|_11.214)', model_dir='dev_outputs/inference_only/log/detect_cluster_(25.01.2026_|_11.214)/checkpoints', model_path='dev_outputs/inference_only/log/detect_cluster_(25.01.2026_|_11.214)/checkpoints/model.pt')
Traceback (most recent call last):
  File "/root/data1/HDAR-main/new_run_inference.py", line 680, in <module>
    main()
  File "/root/data1/HDAR-main/new_run_inference.py", line 416, in main
    model = train_offline(model, offline_session_train_loader, offline_session_test_loader, args)
  File "/root/data1/HDAR-main/new_run_inference.py", line 163, in train_offline
    for batch_idx, batch in enumerate(train_loader):
  File "/root/anaconda3/envs/GenSeg/lib/python3.9/site-packages/torch/utils/data/dataloader.py", line 521, in __next__
    data = self._next_data()
  File "/root/anaconda3/envs/GenSeg/lib/python3.9/site-packages/torch/utils/data/dataloader.py", line 561, in _next_data
    data = self._dataset_fetcher.fetch(index)  # may raise StopIteration
  File "/root/anaconda3/envs/GenSeg/lib/python3.9/site-packages/torch/utils/data/_utils/fetch.py", line 49, in fetch
    data = [self.dataset[idx] for idx in possibly_batched_index]
  File "/root/anaconda3/envs/GenSeg/lib/python3.9/site-packages/torch/utils/data/_utils/fetch.py", line 49, in <listcomp>
    data = [self.dataset[idx] for idx in possibly_batched_index]
  File "/root/data1/HDAR-main/data/data_utils.py", line 28, in __getitem__
    img, label, uq_idx ,image_name= self.labelled_dataset[item]
  File "/root/data1/HDAR-main/data/xc.py", line 32, in __getitem__
    img, label = super().__getitem__(item)
  File "/root/anaconda3/envs/GenSeg/lib/python3.9/site-packages/torchvision/datasets/folder.py", line 232, in __getitem__
    sample = self.loader(path)
  File "/root/anaconda3/envs/GenSeg/lib/python3.9/site-packages/torchvision/datasets/folder.py", line 269, in default_loader
    return pil_loader(path)
  File "/root/anaconda3/envs/GenSeg/lib/python3.9/site-packages/torchvision/datasets/folder.py", line 249, in pil_loader
    with open(path, 'rb') as f:
FileNotFoundError: [Errno 2] No such file or directory: '/root/data1/HDAR-main//xc/train/0/resized_crazing_54_0.jpg'
